time="2022-07-24 21:27:25" level=info msg="Upload C:\\Users\\as\\Desktop\\incremental-upload\\testdir\\04f1b46a2a9757bdad1867e6c51ae445.jpg => cos://sdfs-1254063044/04f1b46a2a9757bdad1867e6c51ae445.jpg\n"
time="2022-07-24 21:27:25" level=info msg="Upload C:\\Users\\as\\Desktop\\incremental-upload\\testdir\\2da1a55e4b1672c9a35c1542cab62a37 - 副本.jpg => cos://sdfs-1254063044/2da1a55e4b1672c9a35c1542cab62a37 - 副本.jpg\n"
time="2022-07-24 21:27:25" level=info msg="Upload C:\\Users\\as\\Desktop\\incremental-upload\\testdir\\2da1a55e4b1672c9a35c1542cab62a37.jpg => cos://sdfs-1254063044/2da1a55e4b1672c9a35c1542cab62a37.jpg\n"
time="2022-07-24 21:27:25" level=info msg="Upload C:\\Users\\as\\Desktop\\incremental-upload\\testdir\\4c9a5868e11de831282f25a3d06bc380.jpg => cos://sdfs-1254063044/4c9a5868e11de831282f25a3d06bc380.jpg\n"
time="2022-07-24 21:27:28" level=info msg="Upload C:\\Users\\as\\Desktop\\incremental-upload\\testdir\\4f28f4dd42f550268741eba316dc994f.jpg => cos://sdfs-1254063044/4f28f4dd42f550268741eba316dc994f.jpg\n"
time="2022-07-24 21:27:29" level=info msg="Upload C:\\Users\\as\\Desktop\\incremental-upload\\testdir\\5bc5cffc0c70a799b95703e78f9b72a0.jpg => cos://sdfs-1254063044/5bc5cffc0c70a799b95703e78f9b72a0.jpg\n"
time="2022-07-24 21:27:29" level=info msg="Upload C:\\Users\\as\\Desktop\\incremental-upload\\testdir\\5d8f50b5bdffb8684ed3fcef46baa779.jpg => cos://sdfs-1254063044/5d8f50b5bdffb8684ed3fcef46baa779.jpg\n"
time="2022-07-24 21:27:29" level=info msg="Upload C:\\Users\\as\\Desktop\\incremental-upload\\testdir\\5f4291e2fbe251c4b9722fe70c06710d.jpg => cos://sdfs-1254063044/5f4291e2fbe251c4b9722fe70c06710d.jpg\n"
time="2022-07-24 21:27:29" level=info msg="Upload C:\\Users\\as\\Desktop\\incremental-upload\\testdir\\6bdda4d246118730d600c8705410721c.jpg => cos://sdfs-1254063044/6bdda4d246118730d600c8705410721c.jpg\n"
time="2022-07-24 21:27:29" level=info msg="Upload C:\\Users\\as\\Desktop\\incremental-upload\\testdir\\crossbeam-epoch-e7d94e028fe9e78f/invoked.timestamp => cos://sdfs-1254063044/crossbeam-epoch-e7d94e028fe9e78f/invoked.timestamp\n"
time="2022-07-24 21:27:30" level=info msg="Upload C:\\Users\\as\\Desktop\\incremental-upload\\testdir\\crossbeam-epoch-e7d94e028fe9e78f/out/probe0.ll => cos://sdfs-1254063044/crossbeam-epoch-e7d94e028fe9e78f/out/probe0.ll\n"
time="2022-07-24 21:27:31" level=info msg="Upload C:\\Users\\as\\Desktop\\incremental-upload\\testdir\\crossbeam-epoch-e7d94e028fe9e78f/output => cos://sdfs-1254063044/crossbeam-epoch-e7d94e028fe9e78f/output\n"
time="2022-07-24 21:27:32" level=info msg="Upload C:\\Users\\as\\Desktop\\incremental-upload\\testdir\\crossbeam-epoch-e7d94e028fe9e78f/root-output => cos://sdfs-1254063044/crossbeam-epoch-e7d94e028fe9e78f/root-output\n"
time="2022-07-24 21:27:32" level=info msg="Upload C:\\Users\\as\\Desktop\\incremental-upload\\testdir\\crossbeam-epoch-e7d94e028fe9e78f/stderr => cos://sdfs-1254063044/crossbeam-epoch-e7d94e028fe9e78f/stderr\n"
time="2022-07-24 21:27:32" level=info msg="Upload C:\\Users\\as\\Desktop\\incremental-upload\\testdir\\crossbeam-utils-607518e984cdee7c/invoked.timestamp => cos://sdfs-1254063044/crossbeam-utils-607518e984cdee7c/invoked.timestamp\n"
time="2022-07-24 21:27:32" level=info msg="Upload C:\\Users\\as\\Desktop\\incremental-upload\\testdir\\crossbeam-utils-607518e984cdee7c/out/probe0.ll => cos://sdfs-1254063044/crossbeam-utils-607518e984cdee7c/out/probe0.ll\n"
time="2022-07-24 21:27:33" level=info msg="Upload C:\\Users\\as\\Desktop\\incremental-upload\\testdir\\crossbeam-utils-607518e984cdee7c/out/probe1.ll => cos://sdfs-1254063044/crossbeam-utils-607518e984cdee7c/out/probe1.ll\n"
time="2022-07-24 21:27:33" level=info msg="Upload C:\\Users\\as\\Desktop\\incremental-upload\\testdir\\crossbeam-utils-607518e984cdee7c/out/probe2.ll => cos://sdfs-1254063044/crossbeam-utils-607518e984cdee7c/out/probe2.ll\n"
time="2022-07-24 21:27:33" level=info msg="Upload C:\\Users\\as\\Desktop\\incremental-upload\\testdir\\crossbeam-utils-607518e984cdee7c/out/probe3.ll => cos://sdfs-1254063044/crossbeam-utils-607518e984cdee7c/out/probe3.ll\n"
time="2022-07-24 21:27:33" level=info msg="Upload C:\\Users\\as\\Desktop\\incremental-upload\\testdir\\crossbeam-utils-607518e984cdee7c/out/probe4.ll => cos://sdfs-1254063044/crossbeam-utils-607518e984cdee7c/out/probe4.ll\n"
time="2022-07-24 21:27:33" level=info msg="Upload C:\\Users\\as\\Desktop\\incremental-upload\\testdir\\crossbeam-utils-607518e984cdee7c/output => cos://sdfs-1254063044/crossbeam-utils-607518e984cdee7c/output\n"
time="2022-07-24 21:27:33" level=info msg="Upload C:\\Users\\as\\Desktop\\incremental-upload\\testdir\\crossbeam-utils-607518e984cdee7c/root-output => cos://sdfs-1254063044/crossbeam-utils-607518e984cdee7c/root-output\n"
time="2022-07-24 21:27:33" level=info msg="Upload C:\\Users\\as\\Desktop\\incremental-upload\\testdir\\crossbeam-utils-607518e984cdee7c/stderr => cos://sdfs-1254063044/crossbeam-utils-607518e984cdee7c/stderr\n"
time="2022-07-24 21:27:33" level=info msg="Upload C:\\Users\\as\\Desktop\\incremental-upload\\testdir\\crossbeam-utils-c40355c955f0a9de/build-script-build.exe => cos://sdfs-1254063044/crossbeam-utils-c40355c955f0a9de/build-script-build.exe\n"
time="2022-07-24 21:27:33" level=info msg="Upload C:\\Users\\as\\Desktop\\incremental-upload\\testdir\\crossbeam-utils-c40355c955f0a9de/build_script_build-c40355c955f0a9de.d => cos://sdfs-1254063044/crossbeam-utils-c40355c955f0a9de/build_script_build-c40355c955f0a9de.d\n"
time="2022-07-24 21:27:33" level=info msg="Upload C:\\Users\\as\\Desktop\\incremental-upload\\testdir\\crossbeam-utils-c40355c955f0a9de/build_script_build-c40355c955f0a9de.exe => cos://sdfs-1254063044/crossbeam-utils-c40355c955f0a9de/build_script_build-c40355c955f0a9de.exe\n"
time="2022-07-24 21:27:34" level=info msg="Upload C:\\Users\\as\\Desktop\\incremental-upload\\testdir\\crossbeam-utils-c40355c955f0a9de/build_script_build-c40355c955f0a9de.pdb => cos://sdfs-1254063044/crossbeam-utils-c40355c955f0a9de/build_script_build-c40355c955f0a9de.pdb\n"
time="2022-07-24 21:27:34" level=info msg="Upload C:\\Users\\as\\Desktop\\incremental-upload\\testdir\\crossbeam-utils-c40355c955f0a9de/build_script_build.pdb => cos://sdfs-1254063044/crossbeam-utils-c40355c955f0a9de/build_script_build.pdb\n"
time="2022-07-24 21:27:34" level=info msg="Upload C:\\Users\\as\\Desktop\\incremental-upload\\testdir\\encoding_rs-30df3dff533a27a0/build-script-build.exe => cos://sdfs-1254063044/encoding_rs-30df3dff533a27a0/build-script-build.exe\n"
time="2022-07-24 21:27:34" level=info msg="Upload C:\\Users\\as\\Desktop\\incremental-upload\\testdir\\encoding_rs-30df3dff533a27a0/build_script_build-30df3dff533a27a0.d => cos://sdfs-1254063044/encoding_rs-30df3dff533a27a0/build_script_build-30df3dff533a27a0.d\n"
time="2022-07-24 21:27:35" level=info msg="Upload C:\\Users\\as\\Desktop\\incremental-upload\\testdir\\encoding_rs-30df3dff533a27a0/build_script_build-30df3dff533a27a0.exe => cos://sdfs-1254063044/encoding_rs-30df3dff533a27a0/build_script_build-30df3dff533a27a0.exe\n"
time="2022-07-24 21:27:35" level=info msg="Upload C:\\Users\\as\\Desktop\\incremental-upload\\testdir\\encoding_rs-30df3dff533a27a0/build_script_build-30df3dff533a27a0.pdb => cos://sdfs-1254063044/encoding_rs-30df3dff533a27a0/build_script_build-30df3dff533a27a0.pdb\n"
time="2022-07-24 21:27:36" level=info msg="Upload C:\\Users\\as\\Desktop\\incremental-upload\\testdir\\encoding_rs-30df3dff533a27a0/build_script_build.pdb => cos://sdfs-1254063044/encoding_rs-30df3dff533a27a0/build_script_build.pdb\n"
time="2022-07-24 21:27:39" level=info msg="Upload C:\\Users\\as\\Desktop\\incremental-upload\\testdir\\encoding_rs-4cb0d269d79c3a10/invoked.timestamp => cos://sdfs-1254063044/encoding_rs-4cb0d269d79c3a10/invoked.timestamp\n"
time="2022-07-24 21:27:40" level=info msg="Upload C:\\Users\\as\\Desktop\\incremental-upload\\testdir\\encoding_rs-4cb0d269d79c3a10/output => cos://sdfs-1254063044/encoding_rs-4cb0d269d79c3a10/output\n"
time="2022-07-24 21:27:40" level=info msg="Upload C:\\Users\\as\\Desktop\\incremental-upload\\testdir\\encoding_rs-4cb0d269d79c3a10/root-output => cos://sdfs-1254063044/encoding_rs-4cb0d269d79c3a10/root-output\n"
time="2022-07-24 21:27:40" level=info msg="Upload C:\\Users\\as\\Desktop\\incremental-upload\\testdir\\encoding_rs-4cb0d269d79c3a10/stderr => cos://sdfs-1254063044/encoding_rs-4cb0d269d79c3a10/stderr\n"
time="2022-07-24 21:27:40" level=info msg="Upload C:\\Users\\as\\Desktop\\incremental-upload\\testdir\\generic-array-710eabcc7d91b99d/invoked.timestamp => cos://sdfs-1254063044/generic-array-710eabcc7d91b99d/invoked.timestamp\n"
time="2022-07-24 21:27:40" level=info msg="Upload C:\\Users\\as\\Desktop\\incremental-upload\\testdir\\generic-array-710eabcc7d91b99d/output => cos://sdfs-1254063044/generic-array-710eabcc7d91b99d/output\n"
time="2022-07-24 21:27:40" level=info msg="Upload C:\\Users\\as\\Desktop\\incremental-upload\\testdir\\generic-array-710eabcc7d91b99d/root-output => cos://sdfs-1254063044/generic-array-710eabcc7d91b99d/root-output\n"
time="2022-07-24 21:27:40" level=info msg="Upload C:\\Users\\as\\Desktop\\incremental-upload\\testdir\\generic-array-710eabcc7d91b99d/stderr => cos://sdfs-1254063044/generic-array-710eabcc7d91b99d/stderr\n"
time="2022-07-24 21:27:40" level=info msg="Upload C:\\Users\\as\\Desktop\\incremental-upload\\testdir\\generic-array-893166568794e4c4/build-script-build.exe => cos://sdfs-1254063044/generic-array-893166568794e4c4/build-script-build.exe\n"
time="2022-07-24 21:27:40" level=info msg="Upload C:\\Users\\as\\Desktop\\incremental-upload\\testdir\\generic-array-893166568794e4c4/build_script_build-893166568794e4c4.d => cos://sdfs-1254063044/generic-array-893166568794e4c4/build_script_build-893166568794e4c4.d\n"
time="2022-07-24 21:27:40" level=info msg="Upload C:\\Users\\as\\Desktop\\incremental-upload\\testdir\\generic-array-893166568794e4c4/build_script_build-893166568794e4c4.exe => cos://sdfs-1254063044/generic-array-893166568794e4c4/build_script_build-893166568794e4c4.exe\n"
time="2022-07-24 21:27:40" level=info msg="Upload C:\\Users\\as\\Desktop\\incremental-upload\\testdir\\generic-array-893166568794e4c4/build_script_build-893166568794e4c4.pdb => cos://sdfs-1254063044/generic-array-893166568794e4c4/build_script_build-893166568794e4c4.pdb\n"
time="2022-07-24 21:27:41" level=info msg="Upload C:\\Users\\as\\Desktop\\incremental-upload\\testdir\\generic-array-893166568794e4c4/build_script_build.pdb => cos://sdfs-1254063044/generic-array-893166568794e4c4/build_script_build.pdb\n"
time="2022-07-24 21:27:41" level=info msg="Upload C:\\Users\\as\\Desktop\\incremental-upload\\testdir\\indexmap-6c306be081850dad/invoked.timestamp => cos://sdfs-1254063044/indexmap-6c306be081850dad/invoked.timestamp\n"
time="2022-07-24 21:27:41" level=info msg="Upload C:\\Users\\as\\Desktop\\incremental-upload\\testdir\\indexmap-6c306be081850dad/out/probe0.ll => cos://sdfs-1254063044/indexmap-6c306be081850dad/out/probe0.ll\n"
time="2022-07-24 21:27:41" level=info msg="Upload C:\\Users\\as\\Desktop\\incremental-upload\\testdir\\indexmap-6c306be081850dad/output => cos://sdfs-1254063044/indexmap-6c306be081850dad/output\n"
time="2022-07-24 21:27:42" level=info msg="Upload C:\\Users\\as\\Desktop\\incremental-upload\\testdir\\indexmap-6c306be081850dad/root-output => cos://sdfs-1254063044/indexmap-6c306be081850dad/root-output\n"
time="2022-07-24 21:27:42" level=info msg="Upload C:\\Users\\as\\Desktop\\incremental-upload\\testdir\\indexmap-6c306be081850dad/stderr => cos://sdfs-1254063044/indexmap-6c306be081850dad/stderr\n"
time="2022-07-24 21:27:42" level=info msg="Upload C:\\Users\\as\\Desktop\\incremental-upload\\testdir\\indexmap-8fc923693a275671/build-script-build.exe => cos://sdfs-1254063044/indexmap-8fc923693a275671/build-script-build.exe\n"
time="2022-07-24 21:27:42" level=info msg="Upload C:\\Users\\as\\Desktop\\incremental-upload\\testdir\\indexmap-8fc923693a275671/build_script_build-8fc923693a275671.d => cos://sdfs-1254063044/indexmap-8fc923693a275671/build_script_build-8fc923693a275671.d\n"
time="2022-07-24 21:27:43" level=info msg="Upload C:\\Users\\as\\Desktop\\incremental-upload\\testdir\\indexmap-8fc923693a275671/build_script_build-8fc923693a275671.exe => cos://sdfs-1254063044/indexmap-8fc923693a275671/build_script_build-8fc923693a275671.exe\n"
time="2022-07-24 21:27:44" level=info msg="Upload C:\\Users\\as\\Desktop\\incremental-upload\\testdir\\indexmap-8fc923693a275671/build_script_build-8fc923693a275671.pdb => cos://sdfs-1254063044/indexmap-8fc923693a275671/build_script_build-8fc923693a275671.pdb\n"
time="2022-07-24 21:27:45" level=info msg="Upload C:\\Users\\as\\Desktop\\incremental-upload\\testdir\\indexmap-8fc923693a275671/build_script_build.pdb => cos://sdfs-1254063044/indexmap-8fc923693a275671/build_script_build.pdb\n"
time="2022-07-24 21:27:45" level=info msg="Upload C:\\Users\\as\\Desktop\\incremental-upload\\testdir\\lock_api-b383cf6c5fa255da/build-script-build.exe => cos://sdfs-1254063044/lock_api-b383cf6c5fa255da/build-script-build.exe\n"
time="2022-07-24 21:27:45" level=info msg="Upload C:\\Users\\as\\Desktop\\incremental-upload\\testdir\\lock_api-b383cf6c5fa255da/build_script_build-b383cf6c5fa255da.d => cos://sdfs-1254063044/lock_api-b383cf6c5fa255da/build_script_build-b383cf6c5fa255da.d\n"
time="2022-07-24 21:27:46" level=info msg="Upload C:\\Users\\as\\Desktop\\incremental-upload\\testdir\\lock_api-b383cf6c5fa255da/build_script_build-b383cf6c5fa255da.exe => cos://sdfs-1254063044/lock_api-b383cf6c5fa255da/build_script_build-b383cf6c5fa255da.exe\n"
time="2022-07-24 21:27:46" level=info msg="Upload C:\\Users\\as\\Desktop\\incremental-upload\\testdir\\lock_api-b383cf6c5fa255da/build_script_build-b383cf6c5fa255da.pdb => cos://sdfs-1254063044/lock_api-b383cf6c5fa255da/build_script_build-b383cf6c5fa255da.pdb\n"
time="2022-07-24 21:27:48" level=info msg="Upload C:\\Users\\as\\Desktop\\incremental-upload\\testdir\\lock_api-b383cf6c5fa255da/build_script_build.pdb => cos://sdfs-1254063044/lock_api-b383cf6c5fa255da/build_script_build.pdb\n"
time="2022-07-24 21:27:50" level=info msg="Upload C:\\Users\\as\\Desktop\\incremental-upload\\testdir\\lock_api-c95be8c2e0ec6f43/invoked.timestamp => cos://sdfs-1254063044/lock_api-c95be8c2e0ec6f43/invoked.timestamp\n"
time="2022-07-24 21:27:51" level=info msg="Upload C:\\Users\\as\\Desktop\\incremental-upload\\testdir\\lock_api-c95be8c2e0ec6f43/out/probe0.ll => cos://sdfs-1254063044/lock_api-c95be8c2e0ec6f43/out/probe0.ll\n"
time="2022-07-24 21:27:51" level=info msg="Upload C:\\Users\\as\\Desktop\\incremental-upload\\testdir\\lock_api-c95be8c2e0ec6f43/output => cos://sdfs-1254063044/lock_api-c95be8c2e0ec6f43/output\n"
time="2022-07-24 21:27:52" level=info msg="Upload C:\\Users\\as\\Desktop\\incremental-upload\\testdir\\lock_api-c95be8c2e0ec6f43/root-output => cos://sdfs-1254063044/lock_api-c95be8c2e0ec6f43/root-output\n"
time="2022-07-24 21:27:52" level=info msg="Upload C:\\Users\\as\\Desktop\\incremental-upload\\testdir\\lock_api-c95be8c2e0ec6f43/stderr => cos://sdfs-1254063044/lock_api-c95be8c2e0ec6f43/stderr\n"
time="2022-07-24 21:27:52" level=info msg="Upload C:\\Users\\as\\Desktop\\incremental-upload\\testdir\\maybe-uninit-1aab078737535a90/build-script-build.exe => cos://sdfs-1254063044/maybe-uninit-1aab078737535a90/build-script-build.exe\n"
time="2022-07-24 21:27:52" level=info msg="Upload C:\\Users\\as\\Desktop\\incremental-upload\\testdir\\maybe-uninit-1aab078737535a90/build_script_build-1aab078737535a90.d => cos://sdfs-1254063044/maybe-uninit-1aab078737535a90/build_script_build-1aab078737535a90.d\n"
time="2022-07-24 21:27:53" level=info msg="Upload C:\\Users\\as\\Desktop\\incremental-upload\\testdir\\maybe-uninit-1aab078737535a90/build_script_build-1aab078737535a90.exe => cos://sdfs-1254063044/maybe-uninit-1aab078737535a90/build_script_build-1aab078737535a90.exe\n"
time="2022-07-24 21:27:53" level=info msg="Upload C:\\Users\\as\\Desktop\\incremental-upload\\testdir\\maybe-uninit-1aab078737535a90/build_script_build-1aab078737535a90.pdb => cos://sdfs-1254063044/maybe-uninit-1aab078737535a90/build_script_build-1aab078737535a90.pdb\n"
time="2022-07-24 21:27:53" level=info msg="Upload C:\\Users\\as\\Desktop\\incremental-upload\\testdir\\maybe-uninit-1aab078737535a90/build_script_build.pdb => cos://sdfs-1254063044/maybe-uninit-1aab078737535a90/build_script_build.pdb\n"
time="2022-07-24 21:27:54" level=info msg="Upload C:\\Users\\as\\Desktop\\incremental-upload\\testdir\\maybe-uninit-dcfde8122c75fba6/invoked.timestamp => cos://sdfs-1254063044/maybe-uninit-dcfde8122c75fba6/invoked.timestamp\n"
time="2022-07-24 21:27:54" level=info msg="Upload C:\\Users\\as\\Desktop\\incremental-upload\\testdir\\maybe-uninit-dcfde8122c75fba6/output => cos://sdfs-1254063044/maybe-uninit-dcfde8122c75fba6/output\n"
time="2022-07-24 21:27:54" level=info msg="Upload C:\\Users\\as\\Desktop\\incremental-upload\\testdir\\maybe-uninit-dcfde8122c75fba6/root-output => cos://sdfs-1254063044/maybe-uninit-dcfde8122c75fba6/root-output\n"
time="2022-07-24 21:27:54" level=info msg="Upload C:\\Users\\as\\Desktop\\incremental-upload\\testdir\\maybe-uninit-dcfde8122c75fba6/stderr => cos://sdfs-1254063044/maybe-uninit-dcfde8122c75fba6/stderr\n"
time="2022-07-24 21:27:55" level=info msg="Upload C:\\Users\\as\\Desktop\\incremental-upload\\testdir\\memchr-2477268f6bf0838b/invoked.timestamp => cos://sdfs-1254063044/memchr-2477268f6bf0838b/invoked.timestamp\n"
time="2022-07-24 21:27:55" level=info msg="Upload C:\\Users\\as\\Desktop\\incremental-upload\\testdir\\memchr-2477268f6bf0838b/output => cos://sdfs-1254063044/memchr-2477268f6bf0838b/output\n"
time="2022-07-24 21:27:56" level=info msg="Upload C:\\Users\\as\\Desktop\\incremental-upload\\testdir\\memchr-2477268f6bf0838b/root-output => cos://sdfs-1254063044/memchr-2477268f6bf0838b/root-output\n"
time="2022-07-24 21:27:56" level=info msg="Upload C:\\Users\\as\\Desktop\\incremental-upload\\testdir\\memchr-2477268f6bf0838b/stderr => cos://sdfs-1254063044/memchr-2477268f6bf0838b/stderr\n"
time="2022-07-24 21:27:56" level=info msg="Upload C:\\Users\\as\\Desktop\\incremental-upload\\testdir\\memchr-dbe937be6e1e312a/build-script-build.exe => cos://sdfs-1254063044/memchr-dbe937be6e1e312a/build-script-build.exe\n"
time="2022-07-24 21:27:56" level=info msg="Upload C:\\Users\\as\\Desktop\\incremental-upload\\testdir\\memchr-dbe937be6e1e312a/build_script_build-dbe937be6e1e312a.d => cos://sdfs-1254063044/memchr-dbe937be6e1e312a/build_script_build-dbe937be6e1e312a.d\n"
time="2022-07-24 21:27:56" level=info msg="Upload C:\\Users\\as\\Desktop\\incremental-upload\\testdir\\memchr-dbe937be6e1e312a/build_script_build-dbe937be6e1e312a.exe => cos://sdfs-1254063044/memchr-dbe937be6e1e312a/build_script_build-dbe937be6e1e312a.exe\n"
time="2022-07-24 21:27:57" level=info msg="Upload C:\\Users\\as\\Desktop\\incremental-upload\\testdir\\memchr-dbe937be6e1e312a/build_script_build-dbe937be6e1e312a.pdb => cos://sdfs-1254063044/memchr-dbe937be6e1e312a/build_script_build-dbe937be6e1e312a.pdb\n"
time="2022-07-24 21:27:57" level=info msg="Upload C:\\Users\\as\\Desktop\\incremental-upload\\testdir\\memchr-dbe937be6e1e312a/build_script_build.pdb => cos://sdfs-1254063044/memchr-dbe937be6e1e312a/build_script_build.pdb\n"
time="2022-07-24 21:27:57" level=info msg="Upload C:\\Users\\as\\Desktop\\incremental-upload\\testdir\\memoffset-668b5903490ab357/invoked.timestamp => cos://sdfs-1254063044/memoffset-668b5903490ab357/invoked.timestamp\n"
time="2022-07-24 21:27:57" level=info msg="Upload C:\\Users\\as\\Desktop\\incremental-upload\\testdir\\memoffset-668b5903490ab357/out/probe0.ll => cos://sdfs-1254063044/memoffset-668b5903490ab357/out/probe0.ll\n"
time="2022-07-24 21:27:58" level=info msg="Upload C:\\Users\\as\\Desktop\\incremental-upload\\testdir\\memoffset-668b5903490ab357/output => cos://sdfs-1254063044/memoffset-668b5903490ab357/output\n"
time="2022-07-24 21:27:58" level=info msg="Upload C:\\Users\\as\\Desktop\\incremental-upload\\testdir\\memoffset-668b5903490ab357/root-output => cos://sdfs-1254063044/memoffset-668b5903490ab357/root-output\n"
time="2022-07-24 21:27:58" level=info msg="Upload C:\\Users\\as\\Desktop\\incremental-upload\\testdir\\memoffset-668b5903490ab357/stderr => cos://sdfs-1254063044/memoffset-668b5903490ab357/stderr\n"
time="2022-07-24 21:27:58" level=info msg="Upload C:\\Users\\as\\Desktop\\incremental-upload\\testdir\\zzzzzz (1).jpg => cos://sdfs-1254063044/zzzzzz (1).jpg\n"
time="2022-07-24 21:27:59" level=info msg="Upload C:\\Users\\as\\Desktop\\incremental-upload\\testdir\\zzzzzz (2).jpg => cos://sdfs-1254063044/zzzzzz (2).jpg\n"
time="2022-07-24 21:28:43" level=info msg="Upload C:\\Users\\as\\Desktop\\incremental-upload\\testdir\\新建 文本文档.txt => cos://sdfs-1254063044/新建 文本文档.txt\n"
time="2022-07-24 21:31:01" level=info msg="Delete cos://sdfs-1254063044/新建 文本文档.txt successfully!"
time="2022-07-24 21:31:01" level=info msg="Upload C:\\Users\\as\\Desktop\\incremental-upload\\testdir\\新建 文本文档.txt => cos://sdfs-1254063044/新建 文本文档.txt\n"
time="2022-07-24 21:35:53" level=info msg="Delete cos://sdfs-1254063044/2da1a55e4b1672c9a35c1542cab62a37 - 副本.jpg successfully!"
time="2022-07-24 21:36:10" level=info msg="Upload C:\\Users\\as\\Desktop\\incremental-upload\\testdir\\新建 文本文档.txt => cos://sdfs-1254063044/新建 文本文档.txt\n"
time="2022-07-24 21:42:35" level=info msg="Upload C:\\Users\\as\\Desktop\\incremental-upload\\testdir\\crossbeam-utils-c40355c955f0a9de/maybe-uninit-dcfde8122c75fba6/invoked.timestamp => cos://sdfs-1254063044/crossbeam-utils-c40355c955f0a9de/maybe-uninit-dcfde8122c75fba6/invoked.timestamp\n"
time="2022-07-24 21:42:35" level=info msg="Upload C:\\Users\\as\\Desktop\\incremental-upload\\testdir\\crossbeam-utils-c40355c955f0a9de/maybe-uninit-dcfde8122c75fba6/output => cos://sdfs-1254063044/crossbeam-utils-c40355c955f0a9de/maybe-uninit-dcfde8122c75fba6/output\n"
time="2022-07-24 21:42:36" level=info msg="Upload C:\\Users\\as\\Desktop\\incremental-upload\\testdir\\crossbeam-utils-c40355c955f0a9de/maybe-uninit-dcfde8122c75fba6/root-output => cos://sdfs-1254063044/crossbeam-utils-c40355c955f0a9de/maybe-uninit-dcfde8122c75fba6/root-output\n"
time="2022-07-24 21:42:36" level=info msg="Upload C:\\Users\\as\\Desktop\\incremental-upload\\testdir\\crossbeam-utils-c40355c955f0a9de/maybe-uninit-dcfde8122c75fba6/stderr => cos://sdfs-1254063044/crossbeam-utils-c40355c955f0a9de/maybe-uninit-dcfde8122c75fba6/stderr\n"
time="2022-07-24 22:50:46" level=info msg="Upload C:\\Users\\as\\Desktop\\incremental-upload\\testdir\\新建 文本文档.txt => cos://sdfs-1254063044/新建 文本文档.txt\n"
time="2022-07-24 23:24:27" level=info msg="Upload C:\\Users\\as\\Desktop\\incremental-upload\\testdir\\新建 文本文档.txt => cos://sdfs-1254063044/新建 文本文档.txt\n"
time="2022-07-24 23:24:47" level=info msg="Upload C:\\Users\\as\\Desktop\\incremental-upload\\testdir\\04f1b46a2a9757bdad1867e6c51ae445.jpg => cos://sdfs-1254063044/04f1b46a2a9757bdad1867e6c51ae445.jpg\n"
time="2022-07-24 23:24:47" level=info msg="Upload C:\\Users\\as\\Desktop\\incremental-upload\\testdir\\2da1a55e4b1672c9a35c1542cab62a37.jpg => cos://sdfs-1254063044/2da1a55e4b1672c9a35c1542cab62a37.jpg\n"
time="2022-07-24 23:24:47" level=info msg="Upload C:\\Users\\as\\Desktop\\incremental-upload\\testdir\\4c9a5868e11de831282f25a3d06bc380.jpg => cos://sdfs-1254063044/4c9a5868e11de831282f25a3d06bc380.jpg\n"
time="2022-07-24 23:24:47" level=info msg="Upload C:\\Users\\as\\Desktop\\incremental-upload\\testdir\\4f28f4dd42f550268741eba316dc994f.jpg => cos://sdfs-1254063044/4f28f4dd42f550268741eba316dc994f.jpg\n"
time="2022-07-24 23:24:49" level=info msg="Upload C:\\Users\\as\\Desktop\\incremental-upload\\testdir\\5bc5cffc0c70a799b95703e78f9b72a0.jpg => cos://sdfs-1254063044/5bc5cffc0c70a799b95703e78f9b72a0.jpg\n"
time="2022-07-24 23:24:51" level=info msg="Upload C:\\Users\\as\\Desktop\\incremental-upload\\testdir\\5d8f50b5bdffb8684ed3fcef46baa779.jpg => cos://sdfs-1254063044/5d8f50b5bdffb8684ed3fcef46baa779.jpg\n"
time="2022-07-24 23:24:51" level=info msg="Upload C:\\Users\\as\\Desktop\\incremental-upload\\testdir\\5f4291e2fbe251c4b9722fe70c06710d.jpg => cos://sdfs-1254063044/5f4291e2fbe251c4b9722fe70c06710d.jpg\n"
time="2022-07-24 23:24:51" level=info msg="Upload C:\\Users\\as\\Desktop\\incremental-upload\\testdir\\6bdda4d246118730d600c8705410721c.jpg => cos://sdfs-1254063044/6bdda4d246118730d600c8705410721c.jpg\n"
time="2022-07-24 23:24:51" level=info msg="Upload C:\\Users\\as\\Desktop\\incremental-upload\\testdir\\crossbeam-epoch-e7d94e028fe9e78f/invoked.timestamp => cos://sdfs-1254063044/crossbeam-epoch-e7d94e028fe9e78f/invoked.timestamp\n"
time="2022-07-24 23:24:52" level=info msg="Upload C:\\Users\\as\\Desktop\\incremental-upload\\testdir\\crossbeam-epoch-e7d94e028fe9e78f/out/probe0.ll => cos://sdfs-1254063044/crossbeam-epoch-e7d94e028fe9e78f/out/probe0.ll\n"
time="2022-07-24 23:24:53" level=info msg="Upload C:\\Users\\as\\Desktop\\incremental-upload\\testdir\\crossbeam-epoch-e7d94e028fe9e78f/output => cos://sdfs-1254063044/crossbeam-epoch-e7d94e028fe9e78f/output\n"
time="2022-07-24 23:24:53" level=info msg="Upload C:\\Users\\as\\Desktop\\incremental-upload\\testdir\\crossbeam-epoch-e7d94e028fe9e78f/root-output => cos://sdfs-1254063044/crossbeam-epoch-e7d94e028fe9e78f/root-output\n"
time="2022-07-24 23:24:54" level=info msg="Upload C:\\Users\\as\\Desktop\\incremental-upload\\testdir\\crossbeam-epoch-e7d94e028fe9e78f/stderr => cos://sdfs-1254063044/crossbeam-epoch-e7d94e028fe9e78f/stderr\n"
time="2022-07-24 23:24:54" level=info msg="Upload C:\\Users\\as\\Desktop\\incremental-upload\\testdir\\crossbeam-utils-607518e984cdee7c/invoked.timestamp => cos://sdfs-1254063044/crossbeam-utils-607518e984cdee7c/invoked.timestamp\n"
time="2022-07-24 23:24:55" level=info msg="Upload C:\\Users\\as\\Desktop\\incremental-upload\\testdir\\crossbeam-utils-607518e984cdee7c/out/probe0.ll => cos://sdfs-1254063044/crossbeam-utils-607518e984cdee7c/out/probe0.ll\n"
time="2022-07-24 23:24:55" level=info msg="Upload C:\\Users\\as\\Desktop\\incremental-upload\\testdir\\crossbeam-utils-607518e984cdee7c/out/probe1.ll => cos://sdfs-1254063044/crossbeam-utils-607518e984cdee7c/out/probe1.ll\n"
time="2022-07-24 23:24:55" level=info msg="Upload C:\\Users\\as\\Desktop\\incremental-upload\\testdir\\crossbeam-utils-607518e984cdee7c/out/probe2.ll => cos://sdfs-1254063044/crossbeam-utils-607518e984cdee7c/out/probe2.ll\n"
time="2022-07-24 23:24:55" level=info msg="Upload C:\\Users\\as\\Desktop\\incremental-upload\\testdir\\crossbeam-utils-607518e984cdee7c/out/probe3.ll => cos://sdfs-1254063044/crossbeam-utils-607518e984cdee7c/out/probe3.ll\n"
time="2022-07-24 23:24:55" level=info msg="Upload C:\\Users\\as\\Desktop\\incremental-upload\\testdir\\crossbeam-utils-607518e984cdee7c/out/probe4.ll => cos://sdfs-1254063044/crossbeam-utils-607518e984cdee7c/out/probe4.ll\n"
time="2022-07-24 23:24:55" level=info msg="Upload C:\\Users\\as\\Desktop\\incremental-upload\\testdir\\crossbeam-utils-607518e984cdee7c/output => cos://sdfs-1254063044/crossbeam-utils-607518e984cdee7c/output\n"
time="2022-07-24 23:24:55" level=info msg="Upload C:\\Users\\as\\Desktop\\incremental-upload\\testdir\\crossbeam-utils-607518e984cdee7c/root-output => cos://sdfs-1254063044/crossbeam-utils-607518e984cdee7c/root-output\n"
time="2022-07-24 23:24:55" level=info msg="Upload C:\\Users\\as\\Desktop\\incremental-upload\\testdir\\crossbeam-utils-607518e984cdee7c/stderr => cos://sdfs-1254063044/crossbeam-utils-607518e984cdee7c/stderr\n"
time="2022-07-24 23:24:55" level=info msg="Upload C:\\Users\\as\\Desktop\\incremental-upload\\testdir\\crossbeam-utils-c40355c955f0a9de/build-script-build.exe => cos://sdfs-1254063044/crossbeam-utils-c40355c955f0a9de/build-script-build.exe\n"
time="2022-07-24 23:24:55" level=info msg="Upload C:\\Users\\as\\Desktop\\incremental-upload\\testdir\\crossbeam-utils-c40355c955f0a9de/build_script_build-c40355c955f0a9de.d => cos://sdfs-1254063044/crossbeam-utils-c40355c955f0a9de/build_script_build-c40355c955f0a9de.d\n"
time="2022-07-24 23:24:56" level=info msg="Upload C:\\Users\\as\\Desktop\\incremental-upload\\testdir\\crossbeam-utils-c40355c955f0a9de/build_script_build-c40355c955f0a9de.exe => cos://sdfs-1254063044/crossbeam-utils-c40355c955f0a9de/build_script_build-c40355c955f0a9de.exe\n"
time="2022-07-24 23:24:56" level=info msg="Upload C:\\Users\\as\\Desktop\\incremental-upload\\testdir\\crossbeam-utils-c40355c955f0a9de/build_script_build-c40355c955f0a9de.pdb => cos://sdfs-1254063044/crossbeam-utils-c40355c955f0a9de/build_script_build-c40355c955f0a9de.pdb\n"
time="2022-07-24 23:24:56" level=info msg="Upload C:\\Users\\as\\Desktop\\incremental-upload\\testdir\\crossbeam-utils-c40355c955f0a9de/build_script_build.pdb => cos://sdfs-1254063044/crossbeam-utils-c40355c955f0a9de/build_script_build.pdb\n"
time="2022-07-24 23:24:56" level=info msg="Upload C:\\Users\\as\\Desktop\\incremental-upload\\testdir\\crossbeam-utils-c40355c955f0a9de/maybe-uninit-dcfde8122c75fba6/invoked.timestamp => cos://sdfs-1254063044/crossbeam-utils-c40355c955f0a9de/maybe-uninit-dcfde8122c75fba6/invoked.timestamp\n"
time="2022-07-24 23:24:56" level=info msg="Upload C:\\Users\\as\\Desktop\\incremental-upload\\testdir\\crossbeam-utils-c40355c955f0a9de/maybe-uninit-dcfde8122c75fba6/output => cos://sdfs-1254063044/crossbeam-utils-c40355c955f0a9de/maybe-uninit-dcfde8122c75fba6/output\n"
time="2022-07-24 23:24:57" level=info msg="Upload C:\\Users\\as\\Desktop\\incremental-upload\\testdir\\crossbeam-utils-c40355c955f0a9de/maybe-uninit-dcfde8122c75fba6/root-output => cos://sdfs-1254063044/crossbeam-utils-c40355c955f0a9de/maybe-uninit-dcfde8122c75fba6/root-output\n"
time="2022-07-24 23:24:57" level=info msg="Upload C:\\Users\\as\\Desktop\\incremental-upload\\testdir\\crossbeam-utils-c40355c955f0a9de/maybe-uninit-dcfde8122c75fba6/stderr => cos://sdfs-1254063044/crossbeam-utils-c40355c955f0a9de/maybe-uninit-dcfde8122c75fba6/stderr\n"
time="2022-07-24 23:24:57" level=info msg="Upload C:\\Users\\as\\Desktop\\incremental-upload\\testdir\\encoding_rs-30df3dff533a27a0/build-script-build.exe => cos://sdfs-1254063044/encoding_rs-30df3dff533a27a0/build-script-build.exe\n"
time="2022-07-24 23:24:58" level=info msg="Upload C:\\Users\\as\\Desktop\\incremental-upload\\testdir\\encoding_rs-30df3dff533a27a0/build_script_build-30df3dff533a27a0.d => cos://sdfs-1254063044/encoding_rs-30df3dff533a27a0/build_script_build-30df3dff533a27a0.d\n"
time="2022-07-24 23:24:58" level=info msg="Upload C:\\Users\\as\\Desktop\\incremental-upload\\testdir\\encoding_rs-30df3dff533a27a0/build_script_build-30df3dff533a27a0.exe => cos://sdfs-1254063044/encoding_rs-30df3dff533a27a0/build_script_build-30df3dff533a27a0.exe\n"
time="2022-07-24 23:24:58" level=info msg="Upload C:\\Users\\as\\Desktop\\incremental-upload\\testdir\\encoding_rs-30df3dff533a27a0/build_script_build-30df3dff533a27a0.pdb => cos://sdfs-1254063044/encoding_rs-30df3dff533a27a0/build_script_build-30df3dff533a27a0.pdb\n"
time="2022-07-24 23:24:59" level=info msg="Upload C:\\Users\\as\\Desktop\\incremental-upload\\testdir\\encoding_rs-30df3dff533a27a0/build_script_build.pdb => cos://sdfs-1254063044/encoding_rs-30df3dff533a27a0/build_script_build.pdb\n"
time="2022-07-24 23:25:01" level=info msg="Upload C:\\Users\\as\\Desktop\\incremental-upload\\testdir\\encoding_rs-4cb0d269d79c3a10/invoked.timestamp => cos://sdfs-1254063044/encoding_rs-4cb0d269d79c3a10/invoked.timestamp\n"
time="2022-07-24 23:25:02" level=info msg="Upload C:\\Users\\as\\Desktop\\incremental-upload\\testdir\\encoding_rs-4cb0d269d79c3a10/output => cos://sdfs-1254063044/encoding_rs-4cb0d269d79c3a10/output\n"
time="2022-07-24 23:25:02" level=info msg="Upload C:\\Users\\as\\Desktop\\incremental-upload\\testdir\\encoding_rs-4cb0d269d79c3a10/root-output => cos://sdfs-1254063044/encoding_rs-4cb0d269d79c3a10/root-output\n"
time="2022-07-24 23:25:02" level=info msg="Upload C:\\Users\\as\\Desktop\\incremental-upload\\testdir\\encoding_rs-4cb0d269d79c3a10/stderr => cos://sdfs-1254063044/encoding_rs-4cb0d269d79c3a10/stderr\n"
time="2022-07-24 23:25:02" level=info msg="Upload C:\\Users\\as\\Desktop\\incremental-upload\\testdir\\generic-array-710eabcc7d91b99d/invoked.timestamp => cos://sdfs-1254063044/generic-array-710eabcc7d91b99d/invoked.timestamp\n"
time="2022-07-24 23:25:03" level=info msg="Upload C:\\Users\\as\\Desktop\\incremental-upload\\testdir\\generic-array-710eabcc7d91b99d/output => cos://sdfs-1254063044/generic-array-710eabcc7d91b99d/output\n"
time="2022-07-24 23:25:03" level=info msg="Upload C:\\Users\\as\\Desktop\\incremental-upload\\testdir\\generic-array-710eabcc7d91b99d/root-output => cos://sdfs-1254063044/generic-array-710eabcc7d91b99d/root-output\n"
time="2022-07-24 23:25:03" level=info msg="Upload C:\\Users\\as\\Desktop\\incremental-upload\\testdir\\generic-array-710eabcc7d91b99d/stderr => cos://sdfs-1254063044/generic-array-710eabcc7d91b99d/stderr\n"
time="2022-07-24 23:25:03" level=info msg="Upload C:\\Users\\as\\Desktop\\incremental-upload\\testdir\\generic-array-893166568794e4c4/build-script-build.exe => cos://sdfs-1254063044/generic-array-893166568794e4c4/build-script-build.exe\n"
time="2022-07-24 23:25:03" level=info msg="Upload C:\\Users\\as\\Desktop\\incremental-upload\\testdir\\generic-array-893166568794e4c4/build_script_build-893166568794e4c4.d => cos://sdfs-1254063044/generic-array-893166568794e4c4/build_script_build-893166568794e4c4.d\n"
time="2022-07-24 23:25:03" level=info msg="Upload C:\\Users\\as\\Desktop\\incremental-upload\\testdir\\generic-array-893166568794e4c4/build_script_build-893166568794e4c4.exe => cos://sdfs-1254063044/generic-array-893166568794e4c4/build_script_build-893166568794e4c4.exe\n"
time="2022-07-24 23:25:03" level=info msg="Upload C:\\Users\\as\\Desktop\\incremental-upload\\testdir\\generic-array-893166568794e4c4/build_script_build-893166568794e4c4.pdb => cos://sdfs-1254063044/generic-array-893166568794e4c4/build_script_build-893166568794e4c4.pdb\n"
time="2022-07-24 23:25:03" level=info msg="Upload C:\\Users\\as\\Desktop\\incremental-upload\\testdir\\generic-array-893166568794e4c4/build_script_build.pdb => cos://sdfs-1254063044/generic-array-893166568794e4c4/build_script_build.pdb\n"
time="2022-07-24 23:25:03" level=info msg="Upload C:\\Users\\as\\Desktop\\incremental-upload\\testdir\\indexmap-6c306be081850dad/invoked.timestamp => cos://sdfs-1254063044/indexmap-6c306be081850dad/invoked.timestamp\n"
time="2022-07-24 23:25:04" level=info msg="Upload C:\\Users\\as\\Desktop\\incremental-upload\\testdir\\indexmap-6c306be081850dad/out/probe0.ll => cos://sdfs-1254063044/indexmap-6c306be081850dad/out/probe0.ll\n"
time="2022-07-24 23:25:04" level=info msg="Upload C:\\Users\\as\\Desktop\\incremental-upload\\testdir\\indexmap-6c306be081850dad/output => cos://sdfs-1254063044/indexmap-6c306be081850dad/output\n"
time="2022-07-24 23:25:05" level=info msg="Upload C:\\Users\\as\\Desktop\\incremental-upload\\testdir\\indexmap-6c306be081850dad/root-output => cos://sdfs-1254063044/indexmap-6c306be081850dad/root-output\n"
time="2022-07-24 23:25:05" level=info msg="Upload C:\\Users\\as\\Desktop\\incremental-upload\\testdir\\indexmap-6c306be081850dad/stderr => cos://sdfs-1254063044/indexmap-6c306be081850dad/stderr\n"
time="2022-07-24 23:25:05" level=info msg="Upload C:\\Users\\as\\Desktop\\incremental-upload\\testdir\\indexmap-8fc923693a275671/build-script-build.exe => cos://sdfs-1254063044/indexmap-8fc923693a275671/build-script-build.exe\n"
time="2022-07-24 23:25:05" level=info msg="Upload C:\\Users\\as\\Desktop\\incremental-upload\\testdir\\indexmap-8fc923693a275671/build_script_build-8fc923693a275671.d => cos://sdfs-1254063044/indexmap-8fc923693a275671/build_script_build-8fc923693a275671.d\n"
time="2022-07-24 23:25:06" level=info msg="Upload C:\\Users\\as\\Desktop\\incremental-upload\\testdir\\indexmap-8fc923693a275671/build_script_build-8fc923693a275671.exe => cos://sdfs-1254063044/indexmap-8fc923693a275671/build_script_build-8fc923693a275671.exe\n"
time="2022-07-24 23:25:07" level=info msg="Upload C:\\Users\\as\\Desktop\\incremental-upload\\testdir\\indexmap-8fc923693a275671/build_script_build-8fc923693a275671.pdb => cos://sdfs-1254063044/indexmap-8fc923693a275671/build_script_build-8fc923693a275671.pdb\n"
time="2022-07-24 23:25:08" level=info msg="Upload C:\\Users\\as\\Desktop\\incremental-upload\\testdir\\indexmap-8fc923693a275671/build_script_build.pdb => cos://sdfs-1254063044/indexmap-8fc923693a275671/build_script_build.pdb\n"
time="2022-07-24 23:25:08" level=info msg="Upload C:\\Users\\as\\Desktop\\incremental-upload\\testdir\\lock_api-b383cf6c5fa255da/build-script-build.exe => cos://sdfs-1254063044/lock_api-b383cf6c5fa255da/build-script-build.exe\n"
time="2022-07-24 23:25:08" level=info msg="Upload C:\\Users\\as\\Desktop\\incremental-upload\\testdir\\lock_api-b383cf6c5fa255da/build_script_build-b383cf6c5fa255da.d => cos://sdfs-1254063044/lock_api-b383cf6c5fa255da/build_script_build-b383cf6c5fa255da.d\n"
time="2022-07-24 23:25:09" level=info msg="Upload C:\\Users\\as\\Desktop\\incremental-upload\\testdir\\lock_api-b383cf6c5fa255da/build_script_build-b383cf6c5fa255da.exe => cos://sdfs-1254063044/lock_api-b383cf6c5fa255da/build_script_build-b383cf6c5fa255da.exe\n"
time="2022-07-24 23:25:10" level=info msg="Upload C:\\Users\\as\\Desktop\\incremental-upload\\testdir\\lock_api-b383cf6c5fa255da/build_script_build-b383cf6c5fa255da.pdb => cos://sdfs-1254063044/lock_api-b383cf6c5fa255da/build_script_build-b383cf6c5fa255da.pdb\n"
time="2022-07-24 23:25:11" level=info msg="Upload C:\\Users\\as\\Desktop\\incremental-upload\\testdir\\lock_api-b383cf6c5fa255da/build_script_build.pdb => cos://sdfs-1254063044/lock_api-b383cf6c5fa255da/build_script_build.pdb\n"
time="2022-07-24 23:25:14" level=info msg="Upload C:\\Users\\as\\Desktop\\incremental-upload\\testdir\\lock_api-c95be8c2e0ec6f43/invoked.timestamp => cos://sdfs-1254063044/lock_api-c95be8c2e0ec6f43/invoked.timestamp\n"
time="2022-07-24 23:25:15" level=info msg="Upload C:\\Users\\as\\Desktop\\incremental-upload\\testdir\\lock_api-c95be8c2e0ec6f43/out/probe0.ll => cos://sdfs-1254063044/lock_api-c95be8c2e0ec6f43/out/probe0.ll\n"
time="2022-07-24 23:25:15" level=info msg="Upload C:\\Users\\as\\Desktop\\incremental-upload\\testdir\\lock_api-c95be8c2e0ec6f43/output => cos://sdfs-1254063044/lock_api-c95be8c2e0ec6f43/output\n"
time="2022-07-24 23:25:15" level=info msg="Upload C:\\Users\\as\\Desktop\\incremental-upload\\testdir\\lock_api-c95be8c2e0ec6f43/root-output => cos://sdfs-1254063044/lock_api-c95be8c2e0ec6f43/root-output\n"
time="2022-07-24 23:25:16" level=info msg="Upload C:\\Users\\as\\Desktop\\incremental-upload\\testdir\\lock_api-c95be8c2e0ec6f43/stderr => cos://sdfs-1254063044/lock_api-c95be8c2e0ec6f43/stderr\n"
time="2022-07-24 23:25:16" level=info msg="Upload C:\\Users\\as\\Desktop\\incremental-upload\\testdir\\maybe-uninit-1aab078737535a90/build-script-build.exe => cos://sdfs-1254063044/maybe-uninit-1aab078737535a90/build-script-build.exe\n"
time="2022-07-24 23:25:16" level=info msg="Upload C:\\Users\\as\\Desktop\\incremental-upload\\testdir\\maybe-uninit-1aab078737535a90/build_script_build-1aab078737535a90.d => cos://sdfs-1254063044/maybe-uninit-1aab078737535a90/build_script_build-1aab078737535a90.d\n"
time="2022-07-24 23:25:17" level=info msg="Upload C:\\Users\\as\\Desktop\\incremental-upload\\testdir\\maybe-uninit-1aab078737535a90/build_script_build-1aab078737535a90.exe => cos://sdfs-1254063044/maybe-uninit-1aab078737535a90/build_script_build-1aab078737535a90.exe\n"
time="2022-07-24 23:25:17" level=info msg="Upload C:\\Users\\as\\Desktop\\incremental-upload\\testdir\\maybe-uninit-1aab078737535a90/build_script_build-1aab078737535a90.pdb => cos://sdfs-1254063044/maybe-uninit-1aab078737535a90/build_script_build-1aab078737535a90.pdb\n"
time="2022-07-24 23:25:17" level=info msg="Upload C:\\Users\\as\\Desktop\\incremental-upload\\testdir\\maybe-uninit-1aab078737535a90/build_script_build.pdb => cos://sdfs-1254063044/maybe-uninit-1aab078737535a90/build_script_build.pdb\n"
time="2022-07-24 23:25:18" level=info msg="Upload C:\\Users\\as\\Desktop\\incremental-upload\\testdir\\maybe-uninit-dcfde8122c75fba6/invoked.timestamp => cos://sdfs-1254063044/maybe-uninit-dcfde8122c75fba6/invoked.timestamp\n"
time="2022-07-24 23:25:18" level=info msg="Upload C:\\Users\\as\\Desktop\\incremental-upload\\testdir\\maybe-uninit-dcfde8122c75fba6/output => cos://sdfs-1254063044/maybe-uninit-dcfde8122c75fba6/output\n"
time="2022-07-24 23:25:18" level=info msg="Upload C:\\Users\\as\\Desktop\\incremental-upload\\testdir\\maybe-uninit-dcfde8122c75fba6/root-output => cos://sdfs-1254063044/maybe-uninit-dcfde8122c75fba6/root-output\n"
time="2022-07-24 23:25:18" level=info msg="Upload C:\\Users\\as\\Desktop\\incremental-upload\\testdir\\maybe-uninit-dcfde8122c75fba6/stderr => cos://sdfs-1254063044/maybe-uninit-dcfde8122c75fba6/stderr\n"
time="2022-07-24 23:25:19" level=info msg="Upload C:\\Users\\as\\Desktop\\incremental-upload\\testdir\\memchr-2477268f6bf0838b/invoked.timestamp => cos://sdfs-1254063044/memchr-2477268f6bf0838b/invoked.timestamp\n"
time="2022-07-24 23:25:19" level=info msg="Upload C:\\Users\\as\\Desktop\\incremental-upload\\testdir\\memchr-2477268f6bf0838b/output => cos://sdfs-1254063044/memchr-2477268f6bf0838b/output\n"
time="2022-07-24 23:25:19" level=info msg="Upload C:\\Users\\as\\Desktop\\incremental-upload\\testdir\\memchr-2477268f6bf0838b/root-output => cos://sdfs-1254063044/memchr-2477268f6bf0838b/root-output\n"
time="2022-07-24 23:25:20" level=info msg="Upload C:\\Users\\as\\Desktop\\incremental-upload\\testdir\\memchr-2477268f6bf0838b/stderr => cos://sdfs-1254063044/memchr-2477268f6bf0838b/stderr\n"
time="2022-07-24 23:25:20" level=info msg="Upload C:\\Users\\as\\Desktop\\incremental-upload\\testdir\\memchr-dbe937be6e1e312a/build-script-build.exe => cos://sdfs-1254063044/memchr-dbe937be6e1e312a/build-script-build.exe\n"
time="2022-07-24 23:25:20" level=info msg="Upload C:\\Users\\as\\Desktop\\incremental-upload\\testdir\\memchr-dbe937be6e1e312a/build_script_build-dbe937be6e1e312a.d => cos://sdfs-1254063044/memchr-dbe937be6e1e312a/build_script_build-dbe937be6e1e312a.d\n"
time="2022-07-24 23:25:21" level=info msg="Upload C:\\Users\\as\\Desktop\\incremental-upload\\testdir\\memchr-dbe937be6e1e312a/build_script_build-dbe937be6e1e312a.exe => cos://sdfs-1254063044/memchr-dbe937be6e1e312a/build_script_build-dbe937be6e1e312a.exe\n"
time="2022-07-24 23:25:21" level=info msg="Upload C:\\Users\\as\\Desktop\\incremental-upload\\testdir\\memchr-dbe937be6e1e312a/build_script_build-dbe937be6e1e312a.pdb => cos://sdfs-1254063044/memchr-dbe937be6e1e312a/build_script_build-dbe937be6e1e312a.pdb\n"
time="2022-07-24 23:25:21" level=info msg="Upload C:\\Users\\as\\Desktop\\incremental-upload\\testdir\\memchr-dbe937be6e1e312a/build_script_build.pdb => cos://sdfs-1254063044/memchr-dbe937be6e1e312a/build_script_build.pdb\n"
time="2022-07-24 23:25:21" level=info msg="Upload C:\\Users\\as\\Desktop\\incremental-upload\\testdir\\memoffset-668b5903490ab357/invoked.timestamp => cos://sdfs-1254063044/memoffset-668b5903490ab357/invoked.timestamp\n"
time="2022-07-24 23:25:22" level=info msg="Upload C:\\Users\\as\\Desktop\\incremental-upload\\testdir\\memoffset-668b5903490ab357/out/probe0.ll => cos://sdfs-1254063044/memoffset-668b5903490ab357/out/probe0.ll\n"
time="2022-07-24 23:25:22" level=info msg="Upload C:\\Users\\as\\Desktop\\incremental-upload\\testdir\\memoffset-668b5903490ab357/output => cos://sdfs-1254063044/memoffset-668b5903490ab357/output\n"
time="2022-07-24 23:25:22" level=info msg="Upload C:\\Users\\as\\Desktop\\incremental-upload\\testdir\\memoffset-668b5903490ab357/root-output => cos://sdfs-1254063044/memoffset-668b5903490ab357/root-output\n"
time="2022-07-24 23:25:23" level=info msg="Upload C:\\Users\\as\\Desktop\\incremental-upload\\testdir\\memoffset-668b5903490ab357/stderr => cos://sdfs-1254063044/memoffset-668b5903490ab357/stderr\n"
time="2022-07-24 23:25:23" level=info msg="Upload C:\\Users\\as\\Desktop\\incremental-upload\\testdir\\zzzzzz (1).jpg => cos://sdfs-1254063044/zzzzzz (1).jpg\n"
time="2022-07-24 23:25:23" level=info msg="Upload C:\\Users\\as\\Desktop\\incremental-upload\\testdir\\zzzzzz (2).jpg => cos://sdfs-1254063044/zzzzzz (2).jpg\n"
time="2022-07-24 23:25:24" level=info msg="Upload C:\\Users\\as\\Desktop\\incremental-upload\\testdir\\新建 文本文档.txt => cos://sdfs-1254063044/新建 文本文档.txt\n"
